<testsuites id="" name="" tests="12" failures="0" skipped="0" errors="0" time="111.016653">
<testsuite name="e2e-final-certification.spec.cjs" timestamp="2026-07-06T06:24:26.098Z" hostname="chromium" tests="12" failures="0" skipped="0" time="109.024" errors="0">
<testcase name="FINAL RELEASE CERTIFICATION - Yemen Telecom Admin Panel › 2.2 Auth/me returns 401 without token" classname="e2e-final-certification.spec.cjs" time="0.356">
</testcase>
<testcase name="FINAL RELEASE CERTIFICATION - Yemen Telecom Admin Panel › 2.4 Protected endpoints require auth (8 endpoints)" classname="e2e-final-certification.spec.cjs" time="0.058">
</testcase>
<testcase name="FINAL RELEASE CERTIFICATION - Yemen Telecom Admin Panel › 2.5 Invalid login credentials rejected" classname="e2e-final-certification.spec.cjs" time="0.039">
</testcase>
<testcase name="FINAL RELEASE CERTIFICATION - Yemen Telecom Admin Panel › 3.1 Login as manager and get token" classname="e2e-final-certification.spec.cjs" time="10.27">
</testcase>
<testcase name="FINAL RELEASE CERTIFICATION - Yemen Telecom Admin Panel › 7.1 App loads and shows splash/login" classname="e2e-final-certification.spec.cjs" time="13.576">
</testcase>
<testcase name="FINAL RELEASE CERTIFICATION - Yemen Telecom Admin Panel › 7.2 Login screen renders with inputs and Arabic" classname="e2e-final-certification.spec.cjs" time="12.169">
</testcase>
<testcase name="FINAL RELEASE CERTIFICATION - Yemen Telecom Admin Panel › 7.3 Login as manager navigates to dashboard" classname="e2e-final-certification.spec.cjs" time="15.035">
</testcase>
<testcase name="FINAL RELEASE CERTIFICATION - Yemen Telecom Admin Panel › 7.4 Dashboard page shows content after login" classname="e2e-final-certification.spec.cjs" time="15.902">
</testcase>
<testcase name="FINAL RELEASE CERTIFICATION - Yemen Telecom Admin Panel › 7.6 Login screen invalid credentials shows error" classname="e2e-final-certification.spec.cjs" time="14.735">
</testcase>
<testcase name="FINAL RELEASE CERTIFICATION - Yemen Telecom Admin Panel › 10.1 No React errors during full login + navigate flow" classname="e2e-final-certification.spec.cjs" time="15.443">
</testcase>
<testcase name="FINAL RELEASE CERTIFICATION - Yemen Telecom Admin Panel › 11.1 Theme toggle present on login screen" classname="e2e-final-certification.spec.cjs" time="10.843">
</testcase>
<testcase name="FINAL RELEASE CERTIFICATION - Yemen Telecom Admin Panel › 12.1 Rate limiter blocks rapid login attempts" classname="e2e-final-certification.spec.cjs" time="0.598">
</testcase>
</testsuite>
</testsuites>